<?xml version="1.0" encoding="UTF-8"?>
<!-- Generated by org.testng.reporters.JUnitReportReporter -->
<testsuite hostname="YASHWANTH" failures="0" tests="1" name="guru99.testscriptlogin1" time="2.501" errors="0" timestamp="2023-05-22T12:16:11 IST" skipped="0">
  <testcase classname="guru99.testscriptlogin1" name="test1" time="2.501"/>
  <system-out/>
</testsuite> <!-- guru99.testscriptlogin1 -->
