<?xml version="1.0" encoding="UTF-8"?>
<!-- Generated by org.testng.reporters.JUnitReportReporter -->
<testsuite hostname="YASHWANTH" failures="0" tests="1" name="guru99.testscriptlogin1" time="1.461" errors="0" timestamp="2023-04-19T21:34:53 IST" skipped="0">
  <testcase classname="guru99.testscriptlogin1" name="test1" time="1.461"/>
  <system-out/>
</testsuite> <!-- guru99.testscriptlogin1 -->
