<?xml version="1.0" encoding="UTF-8"?>
<!-- Generated by org.testng.reporters.JUnitReportReporter -->
<testsuite hostname="YashwanthGowda" failures="0" tests="1" name="guru99.testscriptlogin1" time="1.011" errors="0" timestamp="2024-01-13T19:56:43 IST" skipped="0">
  <testcase classname="guru99.testscriptlogin1" name="test1" time="1.011"/>
  <system-out/>
</testsuite> <!-- guru99.testscriptlogin1 -->
