<?xml version="1.0" encoding="UTF-8"?>
<!-- Generated by org.testng.reporters.JUnitReportReporter -->
<testsuite hostname="YASHWANTH" failures="0" tests="1" name="guru99.testscriptinavilddata" time="6.087" errors="0" timestamp="2023-04-19T21:34:53 IST" skipped="0">
  <testcase classname="guru99.testscriptinavilddata" name="test1" time="6.087"/>
  <system-out/>
</testsuite> <!-- guru99.testscriptinavilddata -->
