<?xml version="1.0" encoding="UTF-8"?>
<!-- Generated by org.testng.reporters.JUnitReportReporter -->
<testsuite hostname="YASHWANTH" failures="0" tests="1" name="guru99.testscriptinavilddata" time="7.468" errors="0" timestamp="2023-05-22T12:15:26 IST" skipped="0">
  <testcase classname="guru99.testscriptinavilddata" name="test1" time="7.468"/>
  <system-out/>
</testsuite> <!-- guru99.testscriptinavilddata -->
